<?xml version="1.0" encoding="UTF-8"?>
<testng-results ignored="0" total="1" passed="1" failed="0" skipped="0">
  <reporter-output>
  </reporter-output>
  <suite started-at="2022-03-26T23:16:10 IST" name="Default suite" finished-at="2022-03-26T23:16:38 IST" duration-ms="28156">
    <groups>
      <group name="cucumber">
        <method signature="AbstractTestNGCucumberTests.runScenario(io.cucumber.testng.PickleWrapper,io.cucumber.testng.FeatureWrapper)[pri:0, instance:com.stepdef.RunnerTest@47987356]" name="runScenario" class="io.cucumber.testng.AbstractTestNGCucumberTests"/>
      </group> <!-- cucumber -->
    </groups>
    <test started-at="2022-03-26T23:16:10 IST" name="Default test" finished-at="2022-03-26T23:16:38 IST" duration-ms="28156">
      <class name="com.stepdef.RunnerTest">
        <test-method is-config="true" signature="setUpClass()[pri:0, instance:com.stepdef.RunnerTest@47987356]" started-at="2022-03-26T23:16:10 IST" name="setUpClass" finished-at="2022-03-26T23:16:11 IST" duration-ms="1207" status="PASS">
          <reporter-output>
          </reporter-output>
        </test-method> <!-- setUpClass -->
        <test-method signature="runScenario(io.cucumber.testng.PickleWrapper,io.cucumber.testng.FeatureWrapper)[pri:0, instance:com.stepdef.RunnerTest@47987356]" started-at="2022-03-26T23:16:11 IST" name="runScenario" description="Runs Cucumber Scenarios" data-provider="scenarios" finished-at="2022-03-26T23:16:36 IST" duration-ms="25019" status="PASS">
          <params>
            <param index="0">
              <value>
                <![CDATA["user able to login to QA Test page page using correct credentials"]]>
              </value>
            </param>
            <param index="1">
              <value>
                <![CDATA["Optional[Login to QA Test page test]"]]>
              </value>
            </param>
          </params>
          <reporter-output>
          </reporter-output>
        </test-method> <!-- runScenario -->
        <test-method is-config="true" signature="tearDownClass()[pri:0, instance:com.stepdef.RunnerTest@47987356]" started-at="2022-03-26T23:16:36 IST" name="tearDownClass" finished-at="2022-03-26T23:16:38 IST" duration-ms="1811" status="PASS">
          <reporter-output>
          </reporter-output>
        </test-method> <!-- tearDownClass -->
      </class> <!-- com.stepdef.RunnerTest -->
    </test> <!-- Default test -->
  </suite> <!-- Default suite -->
</testng-results>
